<?xml version="1.0" encoding="UTF-8"?>
<!-- Generated by org.testng.reporters.JUnitXMLReporter -->
<testsuite ignored="1" hostname="DESKTOP-6NURCCG" failures="1" tests="4" name="Release001" time="0.081" errors="0" timestamp="2022-09-06T15:37:47 EDT">
  <testcase classname="c11Practice.executionOrder.PriorityDisabledDependencyTesting" name="practiceReporting" time="0.009"/>
  <testcase classname="c11Practice.executionOrder.PriorityDisabledDependencyTesting" name="loginWithValidCredentials" time="0.002">
    <failure type="java.lang.AssertionError" message="PurposelyFailing">
        <![CDATA[java.lang.AssertionError: PurposelyFailing
at c11Practice.executionOrder.PriorityDisabledDependencyTesting.loginWithValidCredentials(PriorityDisabledDependencyTesting.java:11)
at java.base/java.util.ArrayList.forEach(ArrayList.java:1511)
at com.intellij.rt.testng.IDEARemoteTestNG.run(IDEARemoteTestNG.java:66)
at com.intellij.rt.testng.RemoteTestNGStarter.main(RemoteTestNGStarter.java:109)
... Removed 25 stack frames]]>
    </failure>
  </testcase> <!-- loginWithValidCredentials -->
  <testcase classname="c11Practice.executionOrder.PriorityDisabledDependencyTesting" name="logoVerification" time="0.001">
    <skipped/>
  </testcase> <!-- logoVerification -->
  <testcase classname="c11Practice.executionOrder.PriorityDisabledDependencyTesting" name="logOutFromHrmApplication" time="0.0">
    <skipped/>
  </testcase> <!-- logOutFromHrmApplication -->
  <testcase classname="c11Practice.executionOrder.PriorityDisabledDependencyTesting" name="verifyAvailableTabsInHomePage" time="0.0">
    <ignored/>
  </testcase> <!-- verifyAvailableTabsInHomePage -->
</testsuite> <!-- Release001 -->
